2024-10-08 15:36:33,511 - INFO - data_io.py:53 - Importing data on RAM....
2024-10-08 15:46:40,034 - INFO - utils.py:148 - Note: NumExpr detected 16 cores but "NUMEXPR_MAX_THREADS" not set, so enforcing safe limit of 8.
2024-10-08 15:46:40,036 - INFO - utils.py:161 - NumExpr defaulting to 8 threads.
2024-10-08 15:46:41,207 - INFO - advanced_imaging.py:26 - Using GPU-accelerated computing
2024-10-08 15:46:41,219 - INFO - data_io.py:53 - Importing data on RAM....
2024-10-08 15:48:17,523 - INFO - data_io.py:53 - Importing data on RAM....
2024-10-08 15:48:29,373 - INFO - data_io.py:53 - Importing data on RAM....
2024-10-08 15:48:36,402 - INFO - utils.py:148 - Note: NumExpr detected 16 cores but "NUMEXPR_MAX_THREADS" not set, so enforcing safe limit of 8.
2024-10-08 15:48:36,403 - INFO - utils.py:161 - NumExpr defaulting to 8 threads.
2024-10-08 15:48:37,431 - INFO - advanced_imaging.py:26 - Using GPU-accelerated computing
2024-10-08 15:48:37,440 - INFO - data_io.py:53 - Importing data on RAM....
2024-10-08 15:49:12,201 - INFO - data_io.py:53 - Importing data on RAM....
2024-10-08 15:50:14,266 - INFO - utils.py:148 - Note: NumExpr detected 16 cores but "NUMEXPR_MAX_THREADS" not set, so enforcing safe limit of 8.
2024-10-08 15:50:14,267 - INFO - utils.py:161 - NumExpr defaulting to 8 threads.
2024-10-08 15:50:15,285 - INFO - advanced_imaging.py:26 - Using GPU-accelerated computing
2024-10-08 15:50:15,295 - INFO - data_io.py:53 - Importing data on RAM....
2024-10-08 15:52:47,788 - WARNING - graph.py:535 - The largest eigenvalue G.lmax is not available, we need to estimate it. Explicitly call G.estimate_lmax() or G.compute_fourier_basis() once beforehand to suppress the warning.
2024-10-08 15:56:41,190 - INFO - advanced_imaging.py:82 - Starting phase coherence imaging on GPU
2024-10-08 15:56:52,384 - INFO - advanced_imaging.py:155 - Phase coherence imaging on GPU completed
2024-10-08 15:56:52,394 - INFO - advanced_imaging.py:1093 - Starting frequency ratio imaging
2024-10-08 15:57:01,599 - INFO - advanced_imaging.py:1116 - Frequency ratio imaging completed
2024-10-08 15:57:01,601 - INFO - advanced_imaging.py:719 - Starting monogenic signal analysis
2024-10-08 15:57:02,113 - INFO - advanced_imaging.py:758 - Monogenic signal analysis completed
2024-10-08 15:57:02,114 - INFO - advanced_imaging.py:440 - Starting modulated thermography
2024-10-08 15:58:59,104 - INFO - advanced_imaging.py:482 - Modulated thermography completed
2024-10-08 16:04:49,728 - INFO - utils.py:148 - Note: NumExpr detected 16 cores but "NUMEXPR_MAX_THREADS" not set, so enforcing safe limit of 8.
2024-10-08 16:04:49,729 - INFO - utils.py:161 - NumExpr defaulting to 8 threads.
2024-10-08 16:04:50,789 - INFO - advanced_imaging.py:26 - Using GPU-accelerated computing
2024-10-08 16:04:50,796 - INFO - data_io.py:53 - Importing data on RAM....
2024-10-08 16:06:54,411 - WARNING - graph.py:535 - The largest eigenvalue G.lmax is not available, we need to estimate it. Explicitly call G.estimate_lmax() or G.compute_fourier_basis() once beforehand to suppress the warning.
2024-10-08 16:10:56,299 - INFO - advanced_imaging.py:82 - Starting phase coherence imaging on GPU
2024-10-08 16:11:06,744 - INFO - advanced_imaging.py:155 - Phase coherence imaging on GPU completed
2024-10-08 16:11:06,757 - INFO - advanced_imaging.py:1093 - Starting frequency ratio imaging
2024-10-08 16:11:15,280 - INFO - advanced_imaging.py:1116 - Frequency ratio imaging completed
2024-10-08 16:11:15,281 - INFO - advanced_imaging.py:719 - Starting monogenic signal analysis
2024-10-08 16:11:15,751 - INFO - advanced_imaging.py:758 - Monogenic signal analysis completed
2024-10-08 16:11:15,752 - INFO - advanced_imaging.py:440 - Starting modulated thermography
2024-10-08 16:13:11,077 - INFO - advanced_imaging.py:482 - Modulated thermography completed
2024-10-08 16:13:11,095 - INFO - advanced_imaging.py:1135 - Starting coherence map computation
2024-10-08 16:13:15,510 - INFO - advanced_imaging.py:1160 - Coherence map computation completed
2024-10-09 00:17:26,288 - INFO - data_io.py:53 - Importing data on RAM....
2024-10-14 13:58:40,349 - INFO - utils.py:148 - Note: NumExpr detected 16 cores but "NUMEXPR_MAX_THREADS" not set, so enforcing safe limit of 8.
2024-10-14 13:58:40,349 - INFO - utils.py:161 - NumExpr defaulting to 8 threads.
2024-10-14 13:58:41,010 - INFO - advanced_imaging.py:39 - Using GPU-accelerated computing
2024-10-14 13:58:41,010 - INFO - data_io.py:53 - Importing data on RAM....
2024-10-14 13:58:43,795 - INFO - lock_in_imaging.py:228 - Starting resampling of data
2024-10-14 13:58:43,796 - INFO - lock_in_imaging.py:231 - New sampling frequency: 0.5 Hz
2024-10-14 13:58:43,796 - INFO - lock_in_imaging.py:235 - Number of new frames: 71
2024-10-14 13:58:46,587 - INFO - lock_in_imaging.py:243 - Resampling completed
2024-10-14 13:58:46,588 - INFO - lock_in_imaging.py:155 - Starting to find start and end frames
2024-10-14 13:58:46,591 - WARNING - lock_in_imaging.py:174 - Could not detect the start frame based on the derivative threshold.
2024-10-14 13:58:46,595 - INFO - lock_in_imaging.py:201 - End frame detected at index 67
2024-10-14 13:58:46,595 - INFO - lock_in_imaging.py:203 - Start and end frame detection completed
2024-10-14 13:58:46,595 - INFO - advanced_imaging.py:516 - Starting modulated thermography
2024-10-14 13:58:53,058 - INFO - advanced_imaging.py:558 - Modulated thermography completed
2024-10-14 13:58:53,058 - INFO - lock_in_imaging.py:124 - Creating mask for the largest connected component
2024-10-14 13:58:53,059 - INFO - lock_in_imaging.py:135 - Mask created
2024-10-14 13:58:53,444 - INFO - data_io.py:53 - Importing data on RAM....
2024-10-14 13:58:56,019 - INFO - lock_in_imaging.py:228 - Starting resampling of data
2024-10-14 13:58:56,019 - INFO - lock_in_imaging.py:231 - New sampling frequency: 0.5 Hz
2024-10-14 13:58:56,020 - INFO - lock_in_imaging.py:235 - Number of new frames: 71
2024-10-14 13:58:57,350 - INFO - lock_in_imaging.py:243 - Resampling completed
2024-10-14 13:58:57,352 - INFO - lock_in_imaging.py:155 - Starting to find start and end frames
2024-10-14 13:58:57,356 - WARNING - lock_in_imaging.py:174 - Could not detect the start frame based on the derivative threshold.
2024-10-14 13:58:57,356 - INFO - lock_in_imaging.py:201 - End frame detected at index 68
2024-10-14 13:58:57,356 - INFO - lock_in_imaging.py:203 - Start and end frame detection completed
2024-10-14 13:58:57,356 - INFO - advanced_imaging.py:516 - Starting modulated thermography
2024-10-14 13:59:04,540 - INFO - advanced_imaging.py:558 - Modulated thermography completed
2024-10-14 13:59:04,541 - INFO - lock_in_imaging.py:124 - Creating mask for the largest connected component
2024-10-14 13:59:04,542 - INFO - lock_in_imaging.py:135 - Mask created
2024-10-14 13:59:04,818 - INFO - data_io.py:53 - Importing data on RAM....
2024-10-14 13:59:07,658 - INFO - lock_in_imaging.py:228 - Starting resampling of data
2024-10-14 13:59:07,658 - INFO - lock_in_imaging.py:231 - New sampling frequency: 0.5 Hz
2024-10-14 13:59:07,658 - INFO - lock_in_imaging.py:235 - Number of new frames: 71
2024-10-14 13:59:10,892 - INFO - lock_in_imaging.py:243 - Resampling completed
2024-10-14 13:59:10,895 - INFO - lock_in_imaging.py:155 - Starting to find start and end frames
2024-10-14 13:59:10,900 - WARNING - lock_in_imaging.py:174 - Could not detect the start frame based on the derivative threshold.
2024-10-14 13:59:10,901 - INFO - lock_in_imaging.py:201 - End frame detected at index 68
2024-10-14 13:59:10,901 - INFO - lock_in_imaging.py:203 - Start and end frame detection completed
2024-10-14 13:59:10,901 - INFO - advanced_imaging.py:516 - Starting modulated thermography
2024-10-14 13:59:17,687 - INFO - advanced_imaging.py:558 - Modulated thermography completed
2024-10-14 13:59:17,688 - INFO - lock_in_imaging.py:124 - Creating mask for the largest connected component
2024-10-14 13:59:17,689 - INFO - lock_in_imaging.py:135 - Mask created
2024-10-14 13:59:17,935 - INFO - data_io.py:53 - Importing data on RAM....
2024-10-14 13:59:21,201 - INFO - lock_in_imaging.py:228 - Starting resampling of data
2024-10-14 13:59:21,201 - INFO - lock_in_imaging.py:231 - New sampling frequency: 0.5 Hz
2024-10-14 13:59:21,201 - INFO - lock_in_imaging.py:235 - Number of new frames: 71
2024-10-14 13:59:23,818 - INFO - lock_in_imaging.py:243 - Resampling completed
2024-10-14 13:59:23,820 - INFO - lock_in_imaging.py:155 - Starting to find start and end frames
2024-10-14 13:59:23,824 - WARNING - lock_in_imaging.py:174 - Could not detect the start frame based on the derivative threshold.
2024-10-14 13:59:23,824 - INFO - lock_in_imaging.py:201 - End frame detected at index 68
2024-10-14 13:59:23,824 - INFO - lock_in_imaging.py:203 - Start and end frame detection completed
2024-10-14 13:59:23,824 - INFO - advanced_imaging.py:516 - Starting modulated thermography
2024-10-14 13:59:30,886 - INFO - advanced_imaging.py:558 - Modulated thermography completed
2024-10-14 13:59:30,887 - INFO - lock_in_imaging.py:124 - Creating mask for the largest connected component
2024-10-14 13:59:30,887 - INFO - lock_in_imaging.py:135 - Mask created
2024-10-14 13:59:31,154 - INFO - data_io.py:53 - Importing data on RAM....
2024-10-14 13:59:34,101 - INFO - lock_in_imaging.py:228 - Starting resampling of data
2024-10-14 13:59:34,102 - INFO - lock_in_imaging.py:231 - New sampling frequency: 0.5 Hz
2024-10-14 13:59:34,102 - INFO - lock_in_imaging.py:235 - Number of new frames: 71
2024-10-14 13:59:36,655 - INFO - lock_in_imaging.py:243 - Resampling completed
2024-10-14 13:59:36,656 - INFO - lock_in_imaging.py:155 - Starting to find start and end frames
2024-10-14 13:59:36,659 - WARNING - lock_in_imaging.py:174 - Could not detect the start frame based on the derivative threshold.
2024-10-14 13:59:36,659 - INFO - lock_in_imaging.py:201 - End frame detected at index 70
2024-10-14 13:59:36,659 - INFO - lock_in_imaging.py:203 - Start and end frame detection completed
2024-10-14 13:59:36,659 - INFO - advanced_imaging.py:516 - Starting modulated thermography
2024-10-14 13:59:43,430 - INFO - advanced_imaging.py:558 - Modulated thermography completed
2024-10-14 13:59:43,431 - INFO - lock_in_imaging.py:124 - Creating mask for the largest connected component
2024-10-14 14:13:46,553 - INFO - utils.py:148 - Note: NumExpr detected 16 cores but "NUMEXPR_MAX_THREADS" not set, so enforcing safe limit of 8.
2024-10-14 14:13:46,553 - INFO - utils.py:161 - NumExpr defaulting to 8 threads.
2024-10-14 14:13:47,179 - INFO - advanced_imaging.py:39 - Using GPU-accelerated computing
2024-10-14 14:14:07,101 - INFO - utils.py:148 - Note: NumExpr detected 16 cores but "NUMEXPR_MAX_THREADS" not set, so enforcing safe limit of 8.
2024-10-14 14:14:07,101 - INFO - utils.py:161 - NumExpr defaulting to 8 threads.
2024-10-14 14:14:07,810 - INFO - advanced_imaging.py:39 - Using GPU-accelerated computing
2024-10-14 14:14:07,810 - INFO - data_io.py:53 - Importing data on RAM....
2024-10-14 14:14:10,437 - INFO - lock_in_imaging.py:245 - Starting resampling of data
2024-10-14 14:14:10,437 - INFO - lock_in_imaging.py:248 - New sampling frequency: 0.5 Hz
2024-10-14 14:14:10,437 - INFO - lock_in_imaging.py:252 - Number of new frames: 71
2024-10-14 14:14:13,092 - INFO - lock_in_imaging.py:260 - Resampling completed
2024-10-14 14:14:13,094 - INFO - lock_in_imaging.py:172 - Starting to find start and end frames
2024-10-14 14:14:13,096 - WARNING - lock_in_imaging.py:191 - Could not detect the start frame based on the derivative threshold.
2024-10-14 14:14:13,097 - INFO - lock_in_imaging.py:218 - End frame detected at index 67
2024-10-14 14:14:13,097 - INFO - lock_in_imaging.py:220 - Start and end frame detection completed
2024-10-14 14:14:13,097 - INFO - advanced_imaging.py:516 - Starting modulated thermography
2024-10-14 14:14:19,428 - INFO - advanced_imaging.py:558 - Modulated thermography completed
2024-10-14 14:14:19,429 - INFO - lock_in_imaging.py:124 - Creating initial mask based on threshold
2024-10-14 14:14:19,429 - INFO - lock_in_imaging.py:131 - Initial mask created. Proceeding to label connected components.
2024-10-14 14:14:19,429 - INFO - lock_in_imaging.py:148 - Largest connected component label: 1
2024-10-14 14:14:19,429 - INFO - lock_in_imaging.py:152 - Mask for the largest connected component created.
2024-10-14 14:14:19,800 - INFO - data_io.py:53 - Importing data on RAM....
2024-10-14 14:14:22,475 - INFO - lock_in_imaging.py:245 - Starting resampling of data
2024-10-14 14:14:22,476 - INFO - lock_in_imaging.py:248 - New sampling frequency: 0.5 Hz
2024-10-14 14:14:22,476 - INFO - lock_in_imaging.py:252 - Number of new frames: 71
2024-10-14 14:14:23,620 - INFO - lock_in_imaging.py:260 - Resampling completed
2024-10-14 14:14:23,622 - INFO - lock_in_imaging.py:172 - Starting to find start and end frames
2024-10-14 14:14:23,627 - WARNING - lock_in_imaging.py:191 - Could not detect the start frame based on the derivative threshold.
2024-10-14 14:14:23,627 - INFO - lock_in_imaging.py:218 - End frame detected at index 68
2024-10-14 14:14:23,627 - INFO - lock_in_imaging.py:220 - Start and end frame detection completed
2024-10-14 14:14:23,627 - INFO - advanced_imaging.py:516 - Starting modulated thermography
2024-10-14 14:14:30,371 - INFO - advanced_imaging.py:558 - Modulated thermography completed
2024-10-14 14:14:30,372 - INFO - lock_in_imaging.py:124 - Creating initial mask based on threshold
2024-10-14 14:14:30,372 - INFO - lock_in_imaging.py:131 - Initial mask created. Proceeding to label connected components.
2024-10-14 14:14:30,373 - INFO - lock_in_imaging.py:148 - Largest connected component label: 1
2024-10-14 14:14:30,373 - INFO - lock_in_imaging.py:152 - Mask for the largest connected component created.
2024-10-14 14:14:30,601 - INFO - data_io.py:53 - Importing data on RAM....
2024-10-14 14:14:32,857 - INFO - lock_in_imaging.py:245 - Starting resampling of data
2024-10-14 14:14:32,858 - INFO - lock_in_imaging.py:248 - New sampling frequency: 0.5 Hz
2024-10-14 14:14:32,858 - INFO - lock_in_imaging.py:252 - Number of new frames: 71
2024-10-14 14:14:35,502 - INFO - lock_in_imaging.py:260 - Resampling completed
2024-10-14 14:14:35,503 - INFO - lock_in_imaging.py:172 - Starting to find start and end frames
2024-10-14 14:14:35,505 - WARNING - lock_in_imaging.py:191 - Could not detect the start frame based on the derivative threshold.
2024-10-14 14:14:35,505 - INFO - lock_in_imaging.py:218 - End frame detected at index 68
2024-10-14 14:14:35,505 - INFO - lock_in_imaging.py:220 - Start and end frame detection completed
2024-10-14 14:14:35,506 - INFO - advanced_imaging.py:516 - Starting modulated thermography
2024-10-14 14:14:41,922 - INFO - advanced_imaging.py:558 - Modulated thermography completed
2024-10-14 14:14:41,923 - INFO - lock_in_imaging.py:124 - Creating initial mask based on threshold
2024-10-14 14:14:41,923 - INFO - lock_in_imaging.py:131 - Initial mask created. Proceeding to label connected components.
2024-10-14 14:14:41,924 - INFO - lock_in_imaging.py:148 - Largest connected component label: 1
2024-10-14 14:14:41,924 - INFO - lock_in_imaging.py:152 - Mask for the largest connected component created.
2024-10-14 14:14:42,175 - INFO - data_io.py:53 - Importing data on RAM....
2024-10-14 14:14:45,298 - INFO - lock_in_imaging.py:245 - Starting resampling of data
2024-10-14 14:14:45,298 - INFO - lock_in_imaging.py:248 - New sampling frequency: 0.5 Hz
2024-10-14 14:14:45,298 - INFO - lock_in_imaging.py:252 - Number of new frames: 71
2024-10-14 14:14:47,396 - INFO - lock_in_imaging.py:260 - Resampling completed
2024-10-14 14:14:47,399 - INFO - lock_in_imaging.py:172 - Starting to find start and end frames
2024-10-14 14:14:47,403 - WARNING - lock_in_imaging.py:191 - Could not detect the start frame based on the derivative threshold.
2024-10-14 14:14:47,403 - INFO - lock_in_imaging.py:218 - End frame detected at index 68
2024-10-14 14:14:47,403 - INFO - lock_in_imaging.py:220 - Start and end frame detection completed
2024-10-14 14:14:47,403 - INFO - advanced_imaging.py:516 - Starting modulated thermography
2024-10-14 14:14:54,481 - INFO - advanced_imaging.py:558 - Modulated thermography completed
2024-10-14 14:14:54,481 - INFO - lock_in_imaging.py:124 - Creating initial mask based on threshold
2024-10-14 14:14:54,482 - INFO - lock_in_imaging.py:131 - Initial mask created. Proceeding to label connected components.
2024-10-14 14:14:54,482 - INFO - lock_in_imaging.py:148 - Largest connected component label: 3
2024-10-14 14:14:54,482 - INFO - lock_in_imaging.py:152 - Mask for the largest connected component created.
2024-10-14 14:14:54,744 - INFO - data_io.py:53 - Importing data on RAM....
2024-10-14 14:14:58,574 - INFO - lock_in_imaging.py:245 - Starting resampling of data
2024-10-14 14:14:58,575 - INFO - lock_in_imaging.py:248 - New sampling frequency: 0.5 Hz
2024-10-14 14:14:58,575 - INFO - lock_in_imaging.py:252 - Number of new frames: 71
2024-10-14 14:15:00,985 - INFO - lock_in_imaging.py:260 - Resampling completed
2024-10-14 14:15:00,986 - INFO - lock_in_imaging.py:172 - Starting to find start and end frames
2024-10-14 14:15:00,989 - WARNING - lock_in_imaging.py:191 - Could not detect the start frame based on the derivative threshold.
2024-10-14 14:15:00,989 - INFO - lock_in_imaging.py:218 - End frame detected at index 70
2024-10-14 14:15:00,989 - INFO - lock_in_imaging.py:220 - Start and end frame detection completed
2024-10-14 14:15:00,989 - INFO - advanced_imaging.py:516 - Starting modulated thermography
2024-10-14 14:15:07,790 - INFO - advanced_imaging.py:558 - Modulated thermography completed
2024-10-14 14:15:07,791 - INFO - lock_in_imaging.py:124 - Creating initial mask based on threshold
2024-10-14 14:15:07,791 - ERROR - lock_in_imaging.py:128 - Mask is empty after applying threshold. Exiting function.
2024-10-14 14:15:07,791 - WARNING - rsw.py:51 - No mask found for 10BII0000.ats
2024-10-14 14:15:07,791 - INFO - data_io.py:53 - Importing data on RAM....
2024-10-14 14:15:10,937 - INFO - lock_in_imaging.py:245 - Starting resampling of data
2024-10-14 14:15:10,937 - INFO - lock_in_imaging.py:248 - New sampling frequency: 0.5 Hz
2024-10-14 14:15:10,937 - INFO - lock_in_imaging.py:252 - Number of new frames: 71
